<testsuite errors="0" failures="0" name="Django Project Tests" skips="0" tests="5" time="75.348"><testcase classname="whatever.tests.test_models.WhateverTest" name="test_whatever_creation" time="0.003005" /><testcase classname="whatever.tests.test_views.WhateverTest" name="test_invalid_form" time="0.006007" /><testcase classname="whatever.tests.test_views.WhateverTest" name="test_valid_form" time="0.003999" /><testcase classname="whatever.tests.test_views.WhateverTest" name="test_whatever_list_view" time="0.344508" /><testcase classname="whatever.tests.test_views.MySeleniumTests" name="test_signup_fire" time="9.316556" /></testsuite>